<?xml version="1.0" encoding="UTF-8"?>
<!-- Generated by org.testng.reporters.JUnitReportReporter -->
<testsuite skipped="0" hostname="Josephs-MacBoo.local" name="com.crm.skycleon.testcases.HomePageTest" tests="1" failures="0" timestamp="2020-10-16T04:16:14 WAT" time="19.920" errors="0">
  <testcase name="verifyContactsLinkTest" time="19.920" classname="com.crm.skycleon.testcases.HomePageTest"/>
  <system-out/>
</testsuite> <!-- com.crm.skycleon.testcases.HomePageTest -->
