<?xml version="1.0" encoding="UTF-8"?>
<!-- Generated by org.testng.reporters.JUnitReportReporter -->
<testsuite skipped="0" hostname="Josephs-MacBoo.local" name="com.crm.skycloen.testcases.ContactsPageTest" tests="3" failures="0" timestamp="2020-10-13T13:41:28 WAT" time="79.404" errors="0">
  <testcase name="verifyContactsPageLabelTest" time="25.124" classname="com.crm.skycloen.testcases.ContactsPageTest"/>
  <system-out/>
  <testcase name="selectSingleContactTest" time="26.823" classname="com.crm.skycloen.testcases.ContactsPageTest"/>
  <system-out/>
  <testcase name="selectMutipleContactTest" time="27.457" classname="com.crm.skycloen.testcases.ContactsPageTest"/>
  <system-out/>
</testsuite> <!-- com.crm.skycloen.testcases.ContactsPageTest -->
