<?xml version="1.0" encoding="UTF-8"?>
<!-- Generated by org.testng.reporters.JUnitReportReporter -->
<testsuite skipped="0" hostname="Josephs-MacBoo.local" name="com.crm.skycleon.testcases.ContactsPageTest" tests="8" failures="0" timestamp="2020-10-19T06:03:51 WAT" time="279.620" errors="0">
  <testcase name="validateCreateNewContact" time="36.394" classname="com.crm.skycleon.testcases.ContactsPageTest"/>
  <system-out/>
  <testcase name="validateCreateNewContact" time="34.882" classname="com.crm.skycleon.testcases.ContactsPageTest"/>
  <system-out/>
  <testcase name="validateCreateNewContact" time="35.681" classname="com.crm.skycleon.testcases.ContactsPageTest"/>
  <system-out/>
  <testcase name="validateCreateNewContact" time="34.258" classname="com.crm.skycleon.testcases.ContactsPageTest"/>
  <system-out/>
  <testcase name="validateCreateNewContact" time="32.844" classname="com.crm.skycleon.testcases.ContactsPageTest"/>
  <system-out/>
  <testcase name="validateCreateNewContact" time="35.069" classname="com.crm.skycleon.testcases.ContactsPageTest"/>
  <system-out/>
  <testcase name="validateCreateNewContact" time="35.985" classname="com.crm.skycleon.testcases.ContactsPageTest"/>
  <system-out/>
  <testcase name="validateCreateNewContact" time="34.507" classname="com.crm.skycleon.testcases.ContactsPageTest"/>
  <system-out/>
</testsuite> <!-- com.crm.skycleon.testcases.ContactsPageTest -->
