<?xml version="1.0" encoding="UTF-8"?>
<!-- Generated by org.testng.reporters.JUnitReportReporter -->
<testsuite skipped="0" hostname="Josephs-MacBoo.local" name="com.crm.skycloen.testcases.HomePageTest" tests="1" failures="0" timestamp="2020-10-13T05:50:34 WAT" time="22.561" errors="0">
  <testcase name="verifyContactsLinkTest" time="22.561" classname="com.crm.skycloen.testcases.HomePageTest"/>
  <system-out/>
</testsuite> <!-- com.crm.skycloen.testcases.HomePageTest -->
