<?xml version="1.0" encoding="UTF-8"?>
<!-- Generated by org.testng.reporters.JUnitReportReporter -->
<testsuite skipped="0" hostname="Josephs-MacBoo.local" name="com.crm.skycleon.testcases.AppTest" tests="1" failures="0" timestamp="2020-10-15T15:38:58 WAT" time="0.000" errors="0">
  <testcase name="testApp" time="0.000" classname="com.crm.skycleon.testcases.AppTest"/>
</testsuite> <!-- com.crm.skycleon.testcases.AppTest -->
