<?xml version="1.0" encoding="UTF-8"?>
<!-- Generated by org.testng.reporters.JUnitReportReporter -->
<testsuite skipped="0" hostname="Josephs-MacBoo.local" name="tests.BaseClass" tests="1" failures="0" timestamp="2020-10-08T04:45:20 WAT" time="0.004" errors="0">
  <testcase name="sampleTest" time="0.004" classname="tests.BaseClass"/>
  <system-out/>
</testsuite> <!-- tests.BaseClass -->
