<?xml version="1.0" encoding="UTF-8"?>
<!-- Generated by org.testng.reporters.JUnitReportReporter -->
<testsuite skipped="0" hostname="Josephs-MacBoo.local" name="com.skycleon.Tst_Appium.AppTest" tests="1" failures="0" timestamp="2020-09-15T16:32:33 WAT" time="0.003" errors="0">
  <testcase name="testApp" time="0.003" classname="com.skycleon.Tst_Appium.AppTest"/>
</testsuite> <!-- com.skycleon.Tst_Appium.AppTest -->
